<?xml version="1.0" encoding="UTF-8"?>
<!-- Generated by org.testng.reporters.JUnitReportReporter -->
<testsuite hostname="DESKTOP-RV6F1IE" failures="0" tests="2" name="purushotham.tests.HashMapTest" time="21.634" errors="0" timestamp="2022-12-10T03:50:40 IST" skipped="0">
  <testcase classname="purushotham.tests.HashMapTest" name="HashMapOrder" time="10.684"/>
  <system-out/>
  <testcase classname="purushotham.tests.HashMapTest" name="HashMapOrder" time="10.950"/>
  <system-out/>
</testsuite> <!-- purushotham.tests.HashMapTest -->
