<?xml version="1.0" encoding="UTF-8"?>
<!-- Generated by org.testng.reporters.JUnitReportReporter -->
<testsuite hostname="DESKTOP-RV6F1IE" failures="0" tests="1" name="purushotham.tests.MainScript" time="8.630" errors="0" timestamp="2022-12-08T18:34:48 IST" skipped="0">
  <testcase classname="purushotham.tests.MainScript" name="clientApp" time="8.630"/>
  <system-out/>
</testsuite> <!-- purushotham.tests.MainScript -->
