<?xml version="1.0" encoding="UTF-8"?>
<!-- Generated by org.testng.reporters.JUnitReportReporter -->
<testsuite hostname="DESKTOP-RV6F1IE" failures="0" tests="2" name="purushotham.tests.HashMapTest" time="17.284" errors="0" timestamp="2022-12-10T01:17:04 IST" skipped="0">
  <testcase classname="purushotham.tests.HashMapTest" name="HashMapOrder" time="8.178"/>
  <system-out/>
  <testcase classname="purushotham.tests.HashMapTest" name="HashMapOrder" time="9.106"/>
  <system-out/>
</testsuite> <!-- purushotham.tests.HashMapTest -->
